TN:
SF:App.tsx
FN:32,Section
FN:58,App
FNF:2
FNH:2
FNDA:4,Section
FNDA:1,App
DA:33,4
DA:34,4
DA:59,1
DA:61,1
DA:65,1
DA:99,1
LF:6
LH:6
BRDA:40,0,0,0
BRDA:40,0,1,4
BRDA:49,1,0,0
BRDA:49,1,1,4
BRDA:62,2,0,0
BRDA:62,2,1,1
BRDA:68,3,0,0
BRDA:68,3,1,1
BRDA:77,4,0,0
BRDA:77,4,1,1
BRF:10
BRH:5
end_of_record
TN:
SF:files/useStopwatch.js
FN:3,(anonymous_0)
FN:11,(anonymous_1)
FN:16,(anonymous_2)
FN:21,(anonymous_3)
FN:26,(anonymous_4)
FN:32,(anonymous_5)
FN:33,(anonymous_6)
FN:38,(anonymous_7)
FN:40,(anonymous_8)
FN:47,(anonymous_9)
FN:51,(anonymous_10)
FNF:11
FNH:10
FNDA:12,(anonymous_0)
FNDA:3,(anonymous_1)
FNDA:0,(anonymous_2)
FNDA:1,(anonymous_3)
FNDA:1,(anonymous_4)
FNDA:1,(anonymous_5)
FNDA:1,(anonymous_6)
FNDA:9,(anonymous_7)
FNDA:600,(anonymous_8)
FNDA:9,(anonymous_9)
FNDA:12,(anonymous_10)
DA:3,1
DA:4,12
DA:5,12
DA:6,12
DA:7,12
DA:8,12
DA:9,12
DA:11,12
DA:12,3
DA:13,3
DA:15,0
DA:16,0
DA:18,3
DA:21,12
DA:22,1
DA:23,1
DA:26,12
DA:27,1
DA:28,1
DA:29,1
DA:32,12
DA:33,1
DA:34,1
DA:38,12
DA:39,9
DA:40,3
DA:41,600
DA:44,6
DA:47,9
DA:51,12
DA:52,12
DA:53,12
DA:54,12
DA:55,12
DA:56,12
DA:57,12
DA:58,12
DA:59,12
DA:60,12
DA:62,12
DA:63,0
DA:66,12
DA:69,12
LF:43
LH:40
BRDA:12,0,0,3
BRDA:12,0,1,0
BRDA:39,1,0,3
BRDA:39,1,1,6
BRDA:62,2,0,0
BRDA:62,2,1,12
BRF:6
BRH:4
end_of_record
TN:
SF:files/useTimer.js
FN:3,(anonymous_0)
FN:8,(anonymous_1)
FN:15,(anonymous_2)
FN:19,(anonymous_3)
FN:24,(anonymous_4)
FN:26,(anonymous_5)
FN:27,(anonymous_6)
FN:40,(anonymous_7)
FN:43,(anonymous_8)
FNF:9
FNH:7
FNDA:9,(anonymous_0)
FNDA:3,(anonymous_1)
FNDA:0,(anonymous_2)
FNDA:0,(anonymous_3)
FNDA:6,(anonymous_4)
FNDA:11,(anonymous_5)
FNDA:11,(anonymous_6)
FNDA:6,(anonymous_7)
FNDA:9,(anonymous_8)
DA:3,1
DA:4,9
DA:5,9
DA:6,9
DA:8,9
DA:9,3
DA:10,0
DA:12,3
DA:15,9
DA:16,0
DA:19,9
DA:20,0
DA:21,0
DA:24,9
DA:25,6
DA:26,3
DA:27,11
DA:28,11
DA:29,0
DA:30,0
DA:31,0
DA:33,11
DA:37,3
DA:40,6
DA:43,9
DA:44,9
DA:45,9
DA:46,9
DA:48,9
DA:49,9
DA:50,9
DA:52,9
DA:53,0
DA:56,9
DA:59,9
LF:35
LH:27
BRDA:9,0,0,0
BRDA:9,0,1,3
BRDA:25,1,0,3
BRDA:25,1,1,3
BRDA:28,2,0,0
BRDA:28,2,1,11
BRDA:52,3,0,0
BRDA:52,3,1,9
BRF:8
BRH:5
end_of_record
